SF:lib\about.dart
DA:4,2
DA:6,1
DA:8,1
DA:9,1
DA:10,1
DA:12,1
DA:13,1
DA:15,1
DA:37,1
DA:39,1
DA:41,1
DA:42,1
LF:12
LH:12
end_of_record
SF:lib\converter.dart
DA:10,1
DA:11,1
DA:15,1
DA:16,2
DA:17,1
DA:19,0
DA:24,1
DA:26,3
DA:27,0
DA:31,2
DA:32,4
DA:36,4
DA:41,1
DA:42,5
LF:14
LH:12
end_of_record
SF:lib\main.dart
DA:5,0
DA:6,0
DA:10,2
DA:13,1
DA:15,1
DA:17,1
DA:33,1
DA:42,1
DA:55,1
DA:56,1
DA:65,1
DA:66,2
DA:67,3
DA:72,1
DA:73,2
DA:74,1
DA:75,2
DA:76,3
DA:80,1
DA:88,1
DA:89,1
DA:93,3
DA:96,3
DA:98,1
DA:100,1
DA:101,1
DA:102,1
DA:105,1
DA:108,1
DA:116,1
DA:118,3
DA:120,1
DA:124,2
DA:125,1
DA:133,1
DA:135,1
DA:136,1
DA:137,1
DA:138,1
DA:139,1
DA:149,1
DA:151,1
DA:153,1
DA:155,0
DA:156,0
DA:158,0
LF:46
LH:41
end_of_record
